INFO 2019-03-29 10:17:29,408 [main] c.m.l.c.d.DeployApplicationTests.logStarting 50 :Starting DeployApplicationTests on MyZiyue-MacBook-Pro.local with PID 918 (started by myziyue in /Users/myziyue/project/github/learn-spring-boot2/ch08/deploy)
DEBUG 2019-03-29 10:17:29,411 [main] c.m.l.c.d.DeployApplicationTests.logStarting 53 :Running with Spring Boot v2.1.3.RELEASE, Spring v5.1.5.RELEASE
INFO 2019-03-29 10:17:29,413 [main] c.m.l.c.d.DeployApplicationTests.logStartupProfileInfo 675 :No active profile set, falling back to default profiles: default
INFO 2019-03-29 10:17:31,663 [main] c.m.l.c.d.DeployApplicationTests.logStarted 59 :Started DeployApplicationTests in 2.69 seconds (JVM running for 3.937)
INFO 2019-03-29 10:18:35,596 [main] c.m.l.c.d.DeployApplication.logStarting 50 :Starting DeployApplication v0.0.1-SNAPSHOT on MyZiyue-MacBook-Pro.local with PID 924 (/Users/myziyue/project/github/learn-spring-boot2/ch08/deploy/target/deploy-0.0.1-SNAPSHOT.jar started by myziyue in /Users/myziyue/project/github/learn-spring-boot2/ch08/deploy)
DEBUG 2019-03-29 10:18:35,600 [main] c.m.l.c.d.DeployApplication.logStarting 53 :Running with Spring Boot v2.1.3.RELEASE, Spring v5.1.5.RELEASE
INFO 2019-03-29 10:18:35,600 [main] c.m.l.c.d.DeployApplication.logStartupProfileInfo 679 :The following profiles are active: prod
WARN 2019-03-29 10:18:37,319 [main] i.u.websockets.jsr.handleDeployment 68 :UT026010: Buffer pool was not set on WebSocketDeploymentInfo, the default pool will be used
INFO 2019-03-29 10:18:37,377 [main] io.undertow.servlet.log 364 :Initializing Spring embedded WebApplicationContext
INFO 2019-03-29 10:18:38,149 [main] c.m.l.c.d.DeployApplication.logStarted 59 :Started DeployApplication in 3.243 seconds (JVM running for 3.789)
INFO 2019-03-29 10:18:53,128 [XNIO-2 task-1] io.undertow.servlet.log 364 :Initializing Spring DispatcherServlet 'dispatcherServlet'
INFO 2019-03-29 10:19:02,561 [Thread-2] io.undertow.servlet.log 364 :Destroying Spring FrameworkServlet 'dispatcherServlet'
INFO 2019-03-29 10:19:24,265 [main] c.m.l.c.d.DeployApplication.logStarting 50 :Starting DeployApplication v0.0.1-SNAPSHOT on MyZiyue-MacBook-Pro.local with PID 926 (/Users/myziyue/project/github/learn-spring-boot2/ch08/deploy/target/deploy-0.0.1-SNAPSHOT.jar started by myziyue in /Users/myziyue/project/github/learn-spring-boot2/ch08/deploy)
DEBUG 2019-03-29 10:19:24,270 [main] c.m.l.c.d.DeployApplication.logStarting 53 :Running with Spring Boot v2.1.3.RELEASE, Spring v5.1.5.RELEASE
INFO 2019-03-29 10:19:24,271 [main] c.m.l.c.d.DeployApplication.logStartupProfileInfo 679 :The following profiles are active: prod
WARN 2019-03-29 10:19:26,032 [main] i.u.websockets.jsr.handleDeployment 68 :UT026010: Buffer pool was not set on WebSocketDeploymentInfo, the default pool will be used
INFO 2019-03-29 10:19:26,088 [main] io.undertow.servlet.log 364 :Initializing Spring embedded WebApplicationContext
INFO 2019-03-29 10:19:26,869 [main] c.m.l.c.d.DeployApplication.logStarted 59 :Started DeployApplication in 3.345 seconds (JVM running for 3.897)
INFO 2019-03-29 10:19:33,577 [XNIO-2 task-1] io.undertow.servlet.log 364 :Initializing Spring DispatcherServlet 'dispatcherServlet'
INFO 2019-03-29 10:19:57,898 [Thread-2] io.undertow.servlet.log 364 :Destroying Spring FrameworkServlet 'dispatcherServlet'
